<?xml version="1.0" encoding="UTF-8"?>
<testsuite name="ParserTest" tests="1" skipped="0" failures="0" errors="0" timestamp="2022-10-15T01:35:26" hostname="ace-Zephyrus-G14" time="0.011">
  <properties/>
  <testcase name="parseMagic()" classname="ParserTest" time="0.011"/>
  <system-out><![CDATA[]]></system-out>
  <system-err><![CDATA[]]></system-err>
</testsuite>
